<?xml version="1.0" encoding="UTF-8"?>
<testsuite name="org.example.poorApi.web.SensitiveDataControllerTest" tests="1" skipped="0" failures="0" errors="0" timestamp="2021-03-25T09:33:32" hostname="Xuehengs-MacBook-Pro.local" time="0.504">
  <properties/>
  <testcase name="should_return_bad_request_if_request_is_of_malformed_type()" classname="org.example.poorApi.web.SensitiveDataControllerTest" time="0.504"/>
  <system-out><![CDATA[17:33:28.689 [Test worker] DEBUG org.springframework.test.context.BootstrapUtils - Instantiating CacheAwareContextLoaderDelegate from class [org.springframework.test.context.cache.DefaultCacheAwareContextLoaderDelegate]
17:33:28.714 [Test worker] DEBUG org.springframework.test.context.BootstrapUtils - Instantiating BootstrapContext using constructor [public org.springframework.test.context.support.DefaultBootstrapContext(java.lang.Class,org.springframework.test.context.CacheAwareContextLoaderDelegate)]
17:33:28.738 [Test worker] DEBUG org.springframework.test.context.BootstrapUtils - Instantiating TestContextBootstrapper for test class [org.example.poorApi.web.SensitiveDataControllerTest] from class [org.springframework.boot.test.context.SpringBootTestContextBootstrapper]
17:33:28.756 [Test worker] INFO org.springframework.boot.test.context.SpringBootTestContextBootstrapper - Neither @ContextConfiguration nor @ContextHierarchy found for test class [org.example.poorApi.web.SensitiveDataControllerTest], using SpringBootContextLoader
17:33:28.760 [Test worker] DEBUG org.springframework.test.context.support.AbstractContextLoader - Did not detect default resource location for test class [org.example.poorApi.web.SensitiveDataControllerTest]: class path resource [org/example/poorApi/web/SensitiveDataControllerTest-context.xml] does not exist
17:33:28.760 [Test worker] DEBUG org.springframework.test.context.support.AbstractContextLoader - Did not detect default resource location for test class [org.example.poorApi.web.SensitiveDataControllerTest]: class path resource [org/example/poorApi/web/SensitiveDataControllerTestContext.groovy] does not exist
17:33:28.761 [Test worker] INFO org.springframework.test.context.support.AbstractContextLoader - Could not detect default resource locations for test class [org.example.poorApi.web.SensitiveDataControllerTest]: no resource found for suffixes {-context.xml, Context.groovy}.
17:33:28.763 [Test worker] INFO org.springframework.test.context.support.AnnotationConfigContextLoaderUtils - Could not detect default configuration classes for test class [org.example.poorApi.web.SensitiveDataControllerTest]: SensitiveDataControllerTest does not declare any static, non-private, non-final, nested classes annotated with @Configuration.
17:33:28.834 [Test worker] DEBUG org.springframework.test.context.support.ActiveProfilesUtils - Could not find an 'annotation declaring class' for annotation type [org.springframework.test.context.ActiveProfiles] and class [org.example.poorApi.web.SensitiveDataControllerTest]
17:33:28.955 [Test worker] DEBUG org.springframework.context.annotation.ClassPathScanningCandidateComponentProvider - Identified candidate component class: file [/Users/xhwu/zone/思沃学院/OOCL安全培训/实施/珠海3-4月/ZHA Mar25-29/code/deserialization-attack/fast-json-attack-server/build/classes/java/main/org/example/poorApi/WebAppApplication.class]
17:33:28.959 [Test worker] INFO org.springframework.boot.test.context.SpringBootTestContextBootstrapper - Found @SpringBootConfiguration org.example.poorApi.WebAppApplication for test class org.example.poorApi.web.SensitiveDataControllerTest
17:33:29.080 [Test worker] DEBUG org.springframework.boot.test.context.SpringBootTestContextBootstrapper - @TestExecutionListeners is not present for class [org.example.poorApi.web.SensitiveDataControllerTest]: using defaults.
17:33:29.081 [Test worker] INFO org.springframework.boot.test.context.SpringBootTestContextBootstrapper - Loaded default TestExecutionListener class names from location [META-INF/spring.factories]: [org.springframework.boot.test.autoconfigure.restdocs.RestDocsTestExecutionListener, org.springframework.boot.test.autoconfigure.web.client.MockRestServiceServerResetTestExecutionListener, org.springframework.boot.test.autoconfigure.web.servlet.MockMvcPrintOnlyOnFailureTestExecutionListener, org.springframework.boot.test.autoconfigure.web.servlet.WebDriverTestExecutionListener, org.springframework.boot.test.mock.mockito.MockitoTestExecutionListener, org.springframework.boot.test.mock.mockito.ResetMocksTestExecutionListener, org.springframework.test.context.web.ServletTestExecutionListener, org.springframework.test.context.support.DirtiesContextBeforeModesTestExecutionListener, org.springframework.test.context.support.DependencyInjectionTestExecutionListener, org.springframework.test.context.support.DirtiesContextTestExecutionListener, org.springframework.test.context.transaction.TransactionalTestExecutionListener, org.springframework.test.context.jdbc.SqlScriptsTestExecutionListener]
17:33:29.098 [Test worker] DEBUG org.springframework.boot.test.context.SpringBootTestContextBootstrapper - Skipping candidate TestExecutionListener [org.springframework.test.context.transaction.TransactionalTestExecutionListener] due to a missing dependency. Specify custom listener classes or make the default listener classes and their required dependencies available. Offending class: [org/springframework/transaction/interceptor/TransactionAttributeSource]
17:33:29.099 [Test worker] DEBUG org.springframework.boot.test.context.SpringBootTestContextBootstrapper - Skipping candidate TestExecutionListener [org.springframework.test.context.jdbc.SqlScriptsTestExecutionListener] due to a missing dependency. Specify custom listener classes or make the default listener classes and their required dependencies available. Offending class: [org/springframework/transaction/interceptor/TransactionAttribute]
17:33:29.099 [Test worker] INFO org.springframework.boot.test.context.SpringBootTestContextBootstrapper - Using TestExecutionListeners: [org.springframework.test.context.web.ServletTestExecutionListener@374a603e, org.springframework.test.context.support.DirtiesContextBeforeModesTestExecutionListener@1d60ea0e, org.springframework.boot.test.mock.mockito.MockitoTestExecutionListener@496df7f9, org.springframework.boot.test.autoconfigure.SpringBootDependencyInjectionTestExecutionListener@5e96ec5a, org.springframework.test.context.support.DirtiesContextTestExecutionListener@3a393c26, org.springframework.boot.test.autoconfigure.restdocs.RestDocsTestExecutionListener@201381f5, org.springframework.boot.test.autoconfigure.web.client.MockRestServiceServerResetTestExecutionListener@6e77831, org.springframework.boot.test.autoconfigure.web.servlet.MockMvcPrintOnlyOnFailureTestExecutionListener@6ffaa08b, org.springframework.boot.test.autoconfigure.web.servlet.WebDriverTestExecutionListener@1c51795e, org.springframework.boot.test.mock.mockito.ResetMocksTestExecutionListener@20714f08]
17:33:29.104 [Test worker] DEBUG org.springframework.test.context.support.AbstractDirtiesContextTestExecutionListener - Before test class: context [DefaultTestContext@53b2e244 testClass = SensitiveDataControllerTest, testInstance = [null], testMethod = [null], testException = [null], mergedContextConfiguration = [WebMergedContextConfiguration@10b945c5 testClass = SensitiveDataControllerTest, locations = '{}', classes = '{class org.example.poorApi.WebAppApplication}', contextInitializerClasses = '[]', activeProfiles = '{}', propertySourceLocations = '{classpath:application-test.properties}', propertySourceProperties = '{org.springframework.boot.test.context.SpringBootTestContextBootstrapper=true, server.port=0}', contextCustomizers = set[org.springframework.boot.test.autoconfigure.properties.PropertyMappingContextCustomizer@0, org.springframework.boot.test.autoconfigure.web.servlet.WebDriverContextCustomizerFactory$Customizer@6678cf59, org.springframework.boot.test.context.filter.ExcludeFilterContextCustomizer@54366e44, org.springframework.boot.test.json.DuplicateJsonObjectContextCustomizerFactory$DuplicateJsonObjectContextCustomizer@178ca493, org.springframework.boot.test.mock.mockito.MockitoContextCustomizer@0, org.springframework.boot.test.web.client.TestRestTemplateContextCustomizer@72938147], resourceBasePath = 'src/main/webapp', contextLoader = 'org.springframework.boot.test.context.SpringBootContextLoader', parent = [null]], attributes = map['org.springframework.test.context.web.ServletTestExecutionListener.activateListener' -> false]], class annotated with @DirtiesContext [false] with mode [null].
17:33:29.111 [Test worker] DEBUG org.springframework.test.context.support.DependencyInjectionTestExecutionListener - Performing dependency injection for test context [[DefaultTestContext@53b2e244 testClass = SensitiveDataControllerTest, testInstance = org.example.poorApi.web.SensitiveDataControllerTest@4b69dd96, testMethod = [null], testException = [null], mergedContextConfiguration = [WebMergedContextConfiguration@10b945c5 testClass = SensitiveDataControllerTest, locations = '{}', classes = '{class org.example.poorApi.WebAppApplication}', contextInitializerClasses = '[]', activeProfiles = '{}', propertySourceLocations = '{classpath:application-test.properties}', propertySourceProperties = '{org.springframework.boot.test.context.SpringBootTestContextBootstrapper=true, server.port=0}', contextCustomizers = set[org.springframework.boot.test.autoconfigure.properties.PropertyMappingContextCustomizer@0, org.springframework.boot.test.autoconfigure.web.servlet.WebDriverContextCustomizerFactory$Customizer@6678cf59, org.springframework.boot.test.context.filter.ExcludeFilterContextCustomizer@54366e44, org.springframework.boot.test.json.DuplicateJsonObjectContextCustomizerFactory$DuplicateJsonObjectContextCustomizer@178ca493, org.springframework.boot.test.mock.mockito.MockitoContextCustomizer@0, org.springframework.boot.test.web.client.TestRestTemplateContextCustomizer@72938147], resourceBasePath = 'src/main/webapp', contextLoader = 'org.springframework.boot.test.context.SpringBootContextLoader', parent = [null]], attributes = map['org.springframework.test.context.web.ServletTestExecutionListener.activateListener' -> false]]].
17:33:29.135 [Test worker] DEBUG org.springframework.test.context.support.TestPropertySourceUtils - Adding inlined properties to environment: {spring.jmx.enabled=false, org.springframework.boot.test.context.SpringBootTestContextBootstrapper=true, server.port=0}

  .   ____          _            __ _ _
 /\\ / ___'_ __ _ _(_)_ __  __ _ \ \ \ \
( ( )\___ | '_ | '_| | '_ \/ _` | \ \ \ \
 \\/  ___)| |_)| | | | | || (_| |  ) ) ) )
  '  |____| .__|_| |_|_| |_\__, | / / / /
 =========|_|==============|___/=/_/_/_/
 :: Spring Boot ::        (v2.1.3.RELEASE)

25-03-2021 17:33:29.588 ?[35m[Test worker]?[0;39m ?[34mINFO ?[0;39m o.e.p.w.SensitiveDataControllerTest.logStarting - Starting SensitiveDataControllerTest on Xuehengs-MacBook-Pro.local with PID 26219 (started by xhwu in /Users/xhwu/zone/思沃学院/OOCL安全培训/实施/珠海3-4月/ZHA Mar25-29/code/deserialization-attack/fast-json-attack-server)
25-03-2021 17:33:29.591 ?[35m[Test worker]?[0;39m ?[34mINFO ?[0;39m o.e.p.w.SensitiveDataControllerTest.logStartupProfileInfo - No active profile set, falling back to default profiles: default
25-03-2021 17:33:30.414 ?[35m[Test worker]?[0;39m ?[34mINFO ?[0;39m o.s.c.s.PostProcessorRegistrationDelegate$BeanPostProcessorChecker.postProcessAfterInitialization - Bean 'org.springframework.hateoas.config.HateoasConfiguration' of type [org.springframework.hateoas.config.HateoasConfiguration$$EnhancerBySpringCGLIB$$d98cc360] is not eligible for getting processed by all BeanPostProcessors (for example: not eligible for auto-proxying)
25-03-2021 17:33:30.976 ?[35m[Test worker]?[0;39m ?[34mINFO ?[0;39m o.s.b.w.e.tomcat.TomcatWebServer.initialize - Tomcat initialized with port(s): 0 (http)
25-03-2021 17:33:30.998 ?[35m[Test worker]?[0;39m ?[34mINFO ?[0;39m o.a.coyote.http11.Http11NioProtocol.log - Initializing ProtocolHandler ["http-nio-auto-1"]
25-03-2021 17:33:31.013 ?[35m[Test worker]?[0;39m ?[34mINFO ?[0;39m o.a.catalina.core.StandardService.log - Starting service [Tomcat]
25-03-2021 17:33:31.014 ?[35m[Test worker]?[0;39m ?[34mINFO ?[0;39m o.a.catalina.core.StandardEngine.log - Starting Servlet engine: [Apache Tomcat/9.0.16]
25-03-2021 17:33:31.027 ?[35m[Test worker]?[0;39m ?[34mINFO ?[0;39m o.a.c.core.AprLifecycleListener.log - The APR based Apache Tomcat Native library which allows optimal performance in production environments was not found on the java.library.path: [/Users/xhwu/Library/Java/Extensions:/Library/Java/Extensions:/Network/Library/Java/Extensions:/System/Library/Java/Extensions:/usr/lib/java:.]
25-03-2021 17:33:31.135 ?[35m[Test worker]?[0;39m ?[34mINFO ?[0;39m o.a.c.c.C.[Tomcat].[localhost].[/].log - Initializing Spring embedded WebApplicationContext
25-03-2021 17:33:31.135 ?[35m[Test worker]?[0;39m ?[34mINFO ?[0;39m o.s.web.context.ContextLoader.prepareWebApplicationContext - Root WebApplicationContext: initialization completed in 1514 ms
25-03-2021 17:33:31.646 ?[35m[Test worker]?[0;39m ?[34mINFO ?[0;39m o.s.s.c.ThreadPoolTaskExecutor.initialize - Initializing ExecutorService 'applicationTaskExecutor'
25-03-2021 17:33:32.067 ?[35m[Test worker]?[0;39m ?[34mINFO ?[0;39m o.a.coyote.http11.Http11NioProtocol.log - Starting ProtocolHandler ["http-nio-auto-1"]
25-03-2021 17:33:32.086 ?[35m[Test worker]?[0;39m ?[34mINFO ?[0;39m o.s.b.w.e.tomcat.TomcatWebServer.start - Tomcat started on port(s): 52618 (http) with context path ''
25-03-2021 17:33:32.090 ?[35m[Test worker]?[0;39m ?[34mINFO ?[0;39m o.e.p.w.SensitiveDataControllerTest.logStarted - Started SensitiveDataControllerTest in 2.952 seconds (JVM running for 4.481)
25-03-2021 17:33:32.468 ?[35m[http-nio-auto-1-exec-1]?[0;39m ?[34mINFO ?[0;39m o.a.c.c.C.[Tomcat].[localhost].[/].log - Initializing Spring DispatcherServlet 'dispatcherServlet'
25-03-2021 17:33:32.468 ?[35m[http-nio-auto-1-exec-1]?[0;39m ?[34mINFO ?[0;39m o.s.web.servlet.DispatcherServlet.initServletBean - Initializing Servlet 'dispatcherServlet'
25-03-2021 17:33:32.490 ?[35m[http-nio-auto-1-exec-1]?[0;39m ?[34mINFO ?[0;39m o.s.web.servlet.DispatcherServlet.initServletBean - Completed initialization in 22 ms
25-03-2021 17:33:32.532 ?[35m[http-nio-auto-1-exec-1]?[0;39m ?[31mWARN ?[0;39m o.s.w.s.m.s.DefaultHandlerExceptionResolver.logException - Resolved [org.springframework.http.converter.HttpMessageNotReadableException: JSON parse error: autoType is not support. com.sun.org.apache.xalan.internal.xsltc.trax.TemplatesImpl; nested exception is com.alibaba.fastjson.JSONException: autoType is not support. com.sun.org.apache.xalan.internal.xsltc.trax.TemplatesImpl]
]]></system-out>
  <system-err><![CDATA[]]></system-err>
</testsuite>
